[debug] [2024-11-09T00:52:54.968Z] [Firebase Plugin] Activating Firebase extension.
[info] [Firebase Plugin] Checked firebase-tools, is up to date!
[info] i  dataconnect: downloading dataconnect-emulator-1.6.1... {"metadata":{"emulator":{"name":"dataconnect"},"message":"downloading dataconnect-emulator-1.6.1..."}}
[debug] [2024-11-09T00:52:58.251Z] >>> [apiv2][query] GET https://storage.googleapis.com/firemat-preview-drop/emulator/dataconnect-emulator-macos-v1.6.1 
[debug] [2024-11-09T00:52:58.821Z] <<< [apiv2][status] GET https://storage.googleapis.com/firemat-preview-drop/emulator/dataconnect-emulator-macos-v1.6.1 200
[debug] [2024-11-09T00:52:58.822Z] <<< [apiv2][body] GET https://storage.googleapis.com/firemat-preview-drop/emulator/dataconnect-emulator-macos-v1.6.1 [stream]
[info] i  dataconnect: Removing outdated emulator files: dataconnect-emulator-1.5.1 {"metadata":{"emulator":{"name":"dataconnect"},"message":"Removing outdated emulator files: dataconnect-emulator-1.5.1"}}
[debug] [2024-11-09T00:53:04.573Z] 'fdc build' failed with error: Unable to build your Data Connect schema and connectors (exit code 1): E1109 03:53:04.569387   30318 cmd.go:41] Error loading data connect config: could not find dataconnect.yaml in `/Users/mainawycliffe/projects/nx-toolkits/dataconnect`
 {"metadata":{"emulator":{"name":"dataconnect"},"message":"'fdc build' failed with error: Unable to build your Data Connect schema and connectors (exit code 1): E1109 03:53:04.569387   30318 cmd.go:41] Error loading data connect config: could not find dataconnect.yaml in `/Users/mainawycliffe/projects/nx-toolkits/dataconnect`\n"}}
[debug] [2024-11-09T09:03:12.543Z] [Firebase Plugin] Activating Firebase extension.
[info] [Firebase Plugin] Checked firebase-tools, is up to date!
[debug] [2024-11-09T09:03:14.555Z] 'fdc build' failed with error: Unable to build your Data Connect schema and connectors (exit code 1): E1109 12:03:14.550688   41269 cmd.go:41] Error loading data connect config: could not find dataconnect.yaml in `/Users/mainawycliffe/projects/nx-toolkits/dataconnect`
 {"metadata":{"emulator":{"name":"dataconnect"},"message":"'fdc build' failed with error: Unable to build your Data Connect schema and connectors (exit code 1): E1109 12:03:14.550688   41269 cmd.go:41] Error loading data connect config: could not find dataconnect.yaml in `/Users/mainawycliffe/projects/nx-toolkits/dataconnect`\n"}}
[debug] [2024-11-09T09:45:51.381Z] [Firebase Plugin] Value of process.env.MONOSPACE_ENV: undefined
[debug] [2024-11-09T09:45:51.382Z] [Firebase Plugin] requireAuthWrapper
[debug] [2024-11-09T09:45:51.383Z] > command requires scopes: ["email","openid","https://www.googleapis.com/auth/cloudplatformprojects.readonly","https://www.googleapis.com/auth/firebase","https://www.googleapis.com/auth/cloud-platform"]
[debug] [2024-11-09T09:45:51.383Z] > authorizing via signed-in user (wmmaina7@gmail.com)
[debug] [2024-11-09T09:45:51.384Z] Checked if tokens are valid: false, expires at: 1731143948931
[debug] [2024-11-09T09:45:51.384Z] Checked if tokens are valid: false, expires at: 1731143948931
[debug] [2024-11-09T09:45:51.384Z] > refreshing access token with scopes: []
[debug] [2024-11-09T09:45:51.385Z] >>> [apiv2][query] POST https://www.googleapis.com/oauth2/v3/token [none]
[debug] [2024-11-09T09:45:51.385Z] >>> [apiv2][body] POST https://www.googleapis.com/oauth2/v3/token [omitted]
[debug] [2024-11-09T09:45:51.387Z] [Firebase Plugin] Value of process.env.MONOSPACE_ENV: undefined
[debug] [2024-11-09T09:45:51.387Z] [Firebase Plugin] requireAuthWrapper
[debug] [2024-11-09T09:45:51.387Z] > command requires scopes: ["email","openid","https://www.googleapis.com/auth/cloudplatformprojects.readonly","https://www.googleapis.com/auth/firebase","https://www.googleapis.com/auth/cloud-platform"]
[debug] [2024-11-09T09:45:51.388Z] > authorizing via signed-in user (wmmaina7@gmail.com)
[debug] [2024-11-09T09:45:51.388Z] Checked if tokens are valid: false, expires at: 1731143948931
[debug] [2024-11-09T09:45:51.388Z] Checked if tokens are valid: false, expires at: 1731143948931
[debug] [2024-11-09T09:45:51.388Z] > refreshing access token with scopes: []
[debug] [2024-11-09T09:45:51.388Z] >>> [apiv2][query] POST https://www.googleapis.com/oauth2/v3/token [none]
[debug] [2024-11-09T09:45:51.388Z] >>> [apiv2][body] POST https://www.googleapis.com/oauth2/v3/token [omitted]
[debug] [2024-11-09T09:45:51.721Z] <<< [apiv2][status] POST https://www.googleapis.com/oauth2/v3/token 200
[debug] [2024-11-09T09:45:51.721Z] <<< [apiv2][body] POST https://www.googleapis.com/oauth2/v3/token [omitted]
[debug] [2024-11-09T09:45:51.734Z] [Firebase Plugin] User found:  wmmaina7@gmail.com
[info] [Firebase Plugin] (Core:Project) New user detected, fetching projects
[debug] [2024-11-09T09:45:51.734Z] Checked if tokens are valid: true, expires at: 1731149150722
[debug] [2024-11-09T09:45:51.735Z] >>> [apiv2][query] GET https://firebase.googleapis.com/v1beta1/projects pageSize=1000
[debug] [2024-11-09T09:45:51.735Z] <<< [apiv2][status] POST https://www.googleapis.com/oauth2/v3/token 200
[debug] [2024-11-09T09:45:51.735Z] <<< [apiv2][body] POST https://www.googleapis.com/oauth2/v3/token [omitted]
[debug] [2024-11-09T09:45:51.744Z] [Firebase Plugin] User found:  wmmaina7@gmail.com
[info] [Firebase Plugin] (Core:Project) New user detected, fetching projects
[debug] [2024-11-09T09:45:51.744Z] Checked if tokens are valid: true, expires at: 1731149150736
[debug] [2024-11-09T09:45:51.744Z] >>> [apiv2][query] GET https://firebase.googleapis.com/v1beta1/projects pageSize=1000
[debug] [2024-11-09T09:45:52.452Z] <<< [apiv2][status] GET https://firebase.googleapis.com/v1beta1/projects 200
[debug] [2024-11-09T09:45:52.453Z] <<< [apiv2][body] GET https://firebase.googleapis.com/v1beta1/projects [omitted]
[debug] [2024-11-09T09:45:52.966Z] <<< [apiv2][status] GET https://firebase.googleapis.com/v1beta1/projects 200
[debug] [2024-11-09T09:45:52.966Z] <<< [apiv2][body] GET https://firebase.googleapis.com/v1beta1/projects [omitted]
[debug] [2025-01-02T17:48:10.436Z] [Firebase Plugin] Activating Firebase extension.
[info] [Firebase Plugin] Checked firebase-tools, is up to date!
[debug] [2025-01-02T17:48:12.633Z] [Firebase Plugin] VSCode notification server listening on port 40001
[info] [Firebase Plugin] Starting Data Connect toolkit on port 50001
[debug] [2025-01-02T17:48:13.036Z] 'fdc build' failed with error: Unable to build your Data Connect schema and connectors (exit code 1): E0102 20:48:13.031920   54816 cmd.go:43] Error loading data connect config: could not find dataconnect.yaml in `/Users/mainawycliffe/projects/nx-toolkits/dataconnect`
 {"metadata":{"emulator":{"name":"dataconnect"},"message":"'fdc build' failed with error: Unable to build your Data Connect schema and connectors (exit code 1): E0102 20:48:13.031920   54816 cmd.go:43] Error loading data connect config: could not find dataconnect.yaml in `/Users/mainawycliffe/projects/nx-toolkits/dataconnect`\n"}}
[debug] [2025-01-02T17:48:13.037Z] Ignoring unsupported arg: auto_download {"metadata":{"emulator":{"name":"dataconnect"},"message":"Ignoring unsupported arg: auto_download"}}
[debug] [2025-01-02T17:48:13.037Z] Ignoring unsupported arg: port {"metadata":{"emulator":{"name":"dataconnect"},"message":"Ignoring unsupported arg: port"}}
[debug] [2025-01-02T17:48:13.037Z] Starting Data Connect Emulator with command {"binary":"/Users/mainawycliffe/.cache/firebase/emulators/dataconnect-emulator-1.7.5","args":["--logtostderr","-v=2","dev","--listen=localhost:50001","--config_dir=/Users/mainawycliffe/projects/nx-toolkits/dataconnect","--enable_output_schema_extensions=true","--enable_output_generated_sdk=true"],"optionalArgs":["listen","config_dir","enable_output_schema_extensions","enable_output_generated_sdk"],"joinArgs":true,"shell":false,"port":9399} {"metadata":{"emulator":{"name":"dataconnect"},"message":"Starting Data Connect Emulator with command {\"binary\":\"/Users/mainawycliffe/.cache/firebase/emulators/dataconnect-emulator-1.7.5\",\"args\":[\"--logtostderr\",\"-v=2\",\"dev\",\"--listen=localhost:50001\",\"--config_dir=/Users/mainawycliffe/projects/nx-toolkits/dataconnect\",\"--enable_output_schema_extensions=true\",\"--enable_output_generated_sdk=true\"],\"optionalArgs\":[\"listen\",\"config_dir\",\"enable_output_schema_extensions\",\"enable_output_generated_sdk\"],\"joinArgs\":true,\"shell\":false,\"port\":9399}"}}
[info] i  dataconnect: Data Connect Emulator logging to dataconnect-debug.log {"metadata":{"emulator":{"name":"dataconnect"},"message":"Data Connect Emulator logging to dataconnect-debug.log"}}
[debug] [2025-01-02T17:48:13.251Z] E0102 20:48:13.249048   54818 load.go:23] Could not load config from "/Users/mainawycliffe/projects/nx-toolkits/dataconnect": could not find dataconnect.yaml in `/Users/mainawycliffe/projects/nx-toolkits/dataconnect`
 {"metadata":{"emulator":{"name":"dataconnect"},"message":"E0102 20:48:13.249048   54818 load.go:23] Could not load config from \"/Users/mainawycliffe/projects/nx-toolkits/dataconnect\": could not find dataconnect.yaml in `/Users/mainawycliffe/projects/nx-toolkits/dataconnect`\n"}}
[debug] [2025-01-02T17:48:13.254Z] E0102 20:48:13.254800   54818 watch.go:75] watchAllDir unable to walk dir `/Users/mainawycliffe/projects/nx-toolkits/dataconnect`: on path "/Users/mainawycliffe/projects/nx-toolkits/dataconnect" (DirEntry: <nil>): lstat /Users/mainawycliffe/projects/nx-toolkits/dataconnect: no such file or directory
 {"metadata":{"emulator":{"name":"dataconnect"},"message":"E0102 20:48:13.254800   54818 watch.go:75] watchAllDir unable to walk dir `/Users/mainawycliffe/projects/nx-toolkits/dataconnect`: on path \"/Users/mainawycliffe/projects/nx-toolkits/dataconnect\" (DirEntry: <nil>): lstat /Users/mainawycliffe/projects/nx-toolkits/dataconnect: no such file or directory\n"}}
[debug] [2025-01-02T17:48:13.266Z] I0102 20:48:13.259939   54818 dev.go:95] Listening on address (HTTP + gRPC): 127.0.0.1:50001
 {"metadata":{"emulator":{"name":"dataconnect"},"message":"I0102 20:48:13.259939   54818 dev.go:95] Listening on address (HTTP + gRPC): 127.0.0.1:50001\n"}}
[error] [Firebase Plugin] error:  {}
[debug] [2025-01-02T17:48:23.257Z] E0102 20:48:23.256483   54818 load.go:23] Could not load config from "/Users/mainawycliffe/projects/nx-toolkits/dataconnect": could not find dataconnect.yaml in `/Users/mainawycliffe/projects/nx-toolkits/dataconnect`
 {"metadata":{"emulator":{"name":"dataconnect"},"message":"E0102 20:48:23.256483   54818 load.go:23] Could not load config from \"/Users/mainawycliffe/projects/nx-toolkits/dataconnect\": could not find dataconnect.yaml in `/Users/mainawycliffe/projects/nx-toolkits/dataconnect`\n"}}
[debug] [2025-01-02T17:48:33.258Z] E0102 20:48:33.258042   54818 load.go:23] Could not load config from "/Users/mainawycliffe/projects/nx-toolkits/dataconnect": could not find dataconnect.yaml in `/Users/mainawycliffe/projects/nx-toolkits/dataconnect`
 {"metadata":{"emulator":{"name":"dataconnect"},"message":"E0102 20:48:33.258042   54818 load.go:23] Could not load config from \"/Users/mainawycliffe/projects/nx-toolkits/dataconnect\": could not find dataconnect.yaml in `/Users/mainawycliffe/projects/nx-toolkits/dataconnect`\n"}}
[debug] [2025-01-02T17:48:43.256Z] E0102 20:48:43.256375   54818 load.go:23] Could not load config from "/Users/mainawycliffe/projects/nx-toolkits/dataconnect": could not find dataconnect.yaml in `/Users/mainawycliffe/projects/nx-toolkits/dataconnect`
 {"metadata":{"emulator":{"name":"dataconnect"},"message":"E0102 20:48:43.256375   54818 load.go:23] Could not load config from \"/Users/mainawycliffe/projects/nx-toolkits/dataconnect\": could not find dataconnect.yaml in `/Users/mainawycliffe/projects/nx-toolkits/dataconnect`\n"}}
[debug] [2025-01-02T17:48:53.256Z] E0102 20:48:53.255890   54818 load.go:23] Could not load config from "/Users/mainawycliffe/projects/nx-toolkits/dataconnect": could not find dataconnect.yaml in `/Users/mainawycliffe/projects/nx-toolkits/dataconnect`
 {"metadata":{"emulator":{"name":"dataconnect"},"message":"E0102 20:48:53.255890   54818 load.go:23] Could not load config from \"/Users/mainawycliffe/projects/nx-toolkits/dataconnect\": could not find dataconnect.yaml in `/Users/mainawycliffe/projects/nx-toolkits/dataconnect`\n"}}
[debug] [2025-01-02T17:49:03.255Z] E0102 20:49:03.255644   54818 load.go:23] Could not load config from "/Users/mainawycliffe/projects/nx-toolkits/dataconnect": could not find dataconnect.yaml in `/Users/mainawycliffe/projects/nx-toolkits/dataconnect`
 {"metadata":{"emulator":{"name":"dataconnect"},"message":"E0102 20:49:03.255644   54818 load.go:23] Could not load config from \"/Users/mainawycliffe/projects/nx-toolkits/dataconnect\": could not find dataconnect.yaml in `/Users/mainawycliffe/projects/nx-toolkits/dataconnect`\n"}}
[debug] [2025-01-02T17:49:13.257Z] E0102 20:49:13.256260   54818 load.go:23] Could not load config from "/Users/mainawycliffe/projects/nx-toolkits/dataconnect": could not find dataconnect.yaml in `/Users/mainawycliffe/projects/nx-toolkits/dataconnect`
 {"metadata":{"emulator":{"name":"dataconnect"},"message":"E0102 20:49:13.256260   54818 load.go:23] Could not load config from \"/Users/mainawycliffe/projects/nx-toolkits/dataconnect\": could not find dataconnect.yaml in `/Users/mainawycliffe/projects/nx-toolkits/dataconnect`\n"}}
[debug] [2025-01-02T17:49:23.256Z] E0102 20:49:23.256313   54818 load.go:23] Could not load config from "/Users/mainawycliffe/projects/nx-toolkits/dataconnect": could not find dataconnect.yaml in `/Users/mainawycliffe/projects/nx-toolkits/dataconnect`
 {"metadata":{"emulator":{"name":"dataconnect"},"message":"E0102 20:49:23.256313   54818 load.go:23] Could not load config from \"/Users/mainawycliffe/projects/nx-toolkits/dataconnect\": could not find dataconnect.yaml in `/Users/mainawycliffe/projects/nx-toolkits/dataconnect`\n"}}
[debug] [2025-01-02T17:49:33.256Z] E0102 20:49:33.256210   54818 load.go:23] Could not load config from "/Users/mainawycliffe/projects/nx-toolkits/dataconnect": could not find dataconnect.yaml in `/Users/mainawycliffe/projects/nx-toolkits/dataconnect`
 {"metadata":{"emulator":{"name":"dataconnect"},"message":"E0102 20:49:33.256210   54818 load.go:23] Could not load config from \"/Users/mainawycliffe/projects/nx-toolkits/dataconnect\": could not find dataconnect.yaml in `/Users/mainawycliffe/projects/nx-toolkits/dataconnect`\n"}}
[debug] [2025-01-02T17:49:43.255Z] E0102 20:49:43.255573   54818 load.go:23] Could not load config from "/Users/mainawycliffe/projects/nx-toolkits/dataconnect": could not find dataconnect.yaml in `/Users/mainawycliffe/projects/nx-toolkits/dataconnect`
 {"metadata":{"emulator":{"name":"dataconnect"},"message":"E0102 20:49:43.255573   54818 load.go:23] Could not load config from \"/Users/mainawycliffe/projects/nx-toolkits/dataconnect\": could not find dataconnect.yaml in `/Users/mainawycliffe/projects/nx-toolkits/dataconnect`\n"}}
[debug] [2025-01-02T17:49:53.260Z] E0102 20:49:53.260359   54818 load.go:23] Could not load config from "/Users/mainawycliffe/projects/nx-toolkits/dataconnect": could not find dataconnect.yaml in `/Users/mainawycliffe/projects/nx-toolkits/dataconnect`
 {"metadata":{"emulator":{"name":"dataconnect"},"message":"E0102 20:49:53.260359   54818 load.go:23] Could not load config from \"/Users/mainawycliffe/projects/nx-toolkits/dataconnect\": could not find dataconnect.yaml in `/Users/mainawycliffe/projects/nx-toolkits/dataconnect`\n"}}
[debug] [2025-01-02T17:50:03.263Z] E0102 20:50:03.263745   54818 load.go:23] Could not load config from "/Users/mainawycliffe/projects/nx-toolkits/dataconnect": could not find dataconnect.yaml in `/Users/mainawycliffe/projects/nx-toolkits/dataconnect`
 {"metadata":{"emulator":{"name":"dataconnect"},"message":"E0102 20:50:03.263745   54818 load.go:23] Could not load config from \"/Users/mainawycliffe/projects/nx-toolkits/dataconnect\": could not find dataconnect.yaml in `/Users/mainawycliffe/projects/nx-toolkits/dataconnect`\n"}}
[debug] [2025-01-02T17:50:13.265Z] E0102 20:50:13.265345   54818 load.go:23] Could not load config from "/Users/mainawycliffe/projects/nx-toolkits/dataconnect": could not find dataconnect.yaml in `/Users/mainawycliffe/projects/nx-toolkits/dataconnect`
 {"metadata":{"emulator":{"name":"dataconnect"},"message":"E0102 20:50:13.265345   54818 load.go:23] Could not load config from \"/Users/mainawycliffe/projects/nx-toolkits/dataconnect\": could not find dataconnect.yaml in `/Users/mainawycliffe/projects/nx-toolkits/dataconnect`\n"}}
[debug] [2025-01-02T17:50:13.266Z] E0102 20:50:13.265560   54818 watch.go:75] watchAllDir unable to walk dir `/Users/mainawycliffe/projects/nx-toolkits/dataconnect`: on path "/Users/mainawycliffe/projects/nx-toolkits/dataconnect" (DirEntry: <nil>): lstat /Users/mainawycliffe/projects/nx-toolkits/dataconnect: no such file or directory
 {"metadata":{"emulator":{"name":"dataconnect"},"message":"E0102 20:50:13.265560   54818 watch.go:75] watchAllDir unable to walk dir `/Users/mainawycliffe/projects/nx-toolkits/dataconnect`: on path \"/Users/mainawycliffe/projects/nx-toolkits/dataconnect\" (DirEntry: <nil>): lstat /Users/mainawycliffe/projects/nx-toolkits/dataconnect: no such file or directory\n"}}
[debug] [2025-01-02T17:50:23.265Z] E0102 20:50:23.265237   54818 load.go:23] Could not load config from "/Users/mainawycliffe/projects/nx-toolkits/dataconnect": could not find dataconnect.yaml in `/Users/mainawycliffe/projects/nx-toolkits/dataconnect`
 {"metadata":{"emulator":{"name":"dataconnect"},"message":"E0102 20:50:23.265237   54818 load.go:23] Could not load config from \"/Users/mainawycliffe/projects/nx-toolkits/dataconnect\": could not find dataconnect.yaml in `/Users/mainawycliffe/projects/nx-toolkits/dataconnect`\n"}}
[debug] [2025-01-02T17:50:33.266Z] E0102 20:50:33.266228   54818 load.go:23] Could not load config from "/Users/mainawycliffe/projects/nx-toolkits/dataconnect": could not find dataconnect.yaml in `/Users/mainawycliffe/projects/nx-toolkits/dataconnect`
 {"metadata":{"emulator":{"name":"dataconnect"},"message":"E0102 20:50:33.266228   54818 load.go:23] Could not load config from \"/Users/mainawycliffe/projects/nx-toolkits/dataconnect\": could not find dataconnect.yaml in `/Users/mainawycliffe/projects/nx-toolkits/dataconnect`\n"}}
[debug] [2025-01-02T17:50:43.266Z] E0102 20:50:43.266287   54818 load.go:23] Could not load config from "/Users/mainawycliffe/projects/nx-toolkits/dataconnect": could not find dataconnect.yaml in `/Users/mainawycliffe/projects/nx-toolkits/dataconnect`
 {"metadata":{"emulator":{"name":"dataconnect"},"message":"E0102 20:50:43.266287   54818 load.go:23] Could not load config from \"/Users/mainawycliffe/projects/nx-toolkits/dataconnect\": could not find dataconnect.yaml in `/Users/mainawycliffe/projects/nx-toolkits/dataconnect`\n"}}
[debug] [2025-01-02T17:50:53.266Z] E0102 20:50:53.266187   54818 load.go:23] Could not load config from "/Users/mainawycliffe/projects/nx-toolkits/dataconnect": could not find dataconnect.yaml in `/Users/mainawycliffe/projects/nx-toolkits/dataconnect`
 {"metadata":{"emulator":{"name":"dataconnect"},"message":"E0102 20:50:53.266187   54818 load.go:23] Could not load config from \"/Users/mainawycliffe/projects/nx-toolkits/dataconnect\": could not find dataconnect.yaml in `/Users/mainawycliffe/projects/nx-toolkits/dataconnect`\n"}}
[debug] [2025-01-02T17:51:03.266Z] E0102 20:51:03.266323   54818 load.go:23] Could not load config from "/Users/mainawycliffe/projects/nx-toolkits/dataconnect": could not find dataconnect.yaml in `/Users/mainawycliffe/projects/nx-toolkits/dataconnect`
 {"metadata":{"emulator":{"name":"dataconnect"},"message":"E0102 20:51:03.266323   54818 load.go:23] Could not load config from \"/Users/mainawycliffe/projects/nx-toolkits/dataconnect\": could not find dataconnect.yaml in `/Users/mainawycliffe/projects/nx-toolkits/dataconnect`\n"}}
[debug] [2025-01-02T17:51:13.266Z] E0102 20:51:13.265841   54818 load.go:23] Could not load config from "/Users/mainawycliffe/projects/nx-toolkits/dataconnect": could not find dataconnect.yaml in `/Users/mainawycliffe/projects/nx-toolkits/dataconnect`
 {"metadata":{"emulator":{"name":"dataconnect"},"message":"E0102 20:51:13.265841   54818 load.go:23] Could not load config from \"/Users/mainawycliffe/projects/nx-toolkits/dataconnect\": could not find dataconnect.yaml in `/Users/mainawycliffe/projects/nx-toolkits/dataconnect`\n"}}
[debug] [2025-01-02T17:51:23.266Z] E0102 20:51:23.265802   54818 load.go:23] Could not load config from "/Users/mainawycliffe/projects/nx-toolkits/dataconnect": could not find dataconnect.yaml in `/Users/mainawycliffe/projects/nx-toolkits/dataconnect`
 {"metadata":{"emulator":{"name":"dataconnect"},"message":"E0102 20:51:23.265802   54818 load.go:23] Could not load config from \"/Users/mainawycliffe/projects/nx-toolkits/dataconnect\": could not find dataconnect.yaml in `/Users/mainawycliffe/projects/nx-toolkits/dataconnect`\n"}}
[debug] [2025-01-02T17:51:33.266Z] E0102 20:51:33.266410   54818 load.go:23] Could not load config from "/Users/mainawycliffe/projects/nx-toolkits/dataconnect": could not find dataconnect.yaml in `/Users/mainawycliffe/projects/nx-toolkits/dataconnect`
 {"metadata":{"emulator":{"name":"dataconnect"},"message":"E0102 20:51:33.266410   54818 load.go:23] Could not load config from \"/Users/mainawycliffe/projects/nx-toolkits/dataconnect\": could not find dataconnect.yaml in `/Users/mainawycliffe/projects/nx-toolkits/dataconnect`\n"}}
[debug] [2025-01-02T17:51:43.267Z] E0102 20:51:43.266659   54818 load.go:23] Could not load config from "/Users/mainawycliffe/projects/nx-toolkits/dataconnect": could not find dataconnect.yaml in `/Users/mainawycliffe/projects/nx-toolkits/dataconnect`
 {"metadata":{"emulator":{"name":"dataconnect"},"message":"E0102 20:51:43.266659   54818 load.go:23] Could not load config from \"/Users/mainawycliffe/projects/nx-toolkits/dataconnect\": could not find dataconnect.yaml in `/Users/mainawycliffe/projects/nx-toolkits/dataconnect`\n"}}
[debug] [2025-01-02T17:51:53.268Z] E0102 20:51:53.268226   54818 load.go:23] Could not load config from "/Users/mainawycliffe/projects/nx-toolkits/dataconnect": could not find dataconnect.yaml in `/Users/mainawycliffe/projects/nx-toolkits/dataconnect`
 {"metadata":{"emulator":{"name":"dataconnect"},"message":"E0102 20:51:53.268226   54818 load.go:23] Could not load config from \"/Users/mainawycliffe/projects/nx-toolkits/dataconnect\": could not find dataconnect.yaml in `/Users/mainawycliffe/projects/nx-toolkits/dataconnect`\n"}}
[debug] [2025-01-02T17:52:03.267Z] E0102 20:52:03.266966   54818 load.go:23] Could not load config from "/Users/mainawycliffe/projects/nx-toolkits/dataconnect": could not find dataconnect.yaml in `/Users/mainawycliffe/projects/nx-toolkits/dataconnect`
 {"metadata":{"emulator":{"name":"dataconnect"},"message":"E0102 20:52:03.266966   54818 load.go:23] Could not load config from \"/Users/mainawycliffe/projects/nx-toolkits/dataconnect\": could not find dataconnect.yaml in `/Users/mainawycliffe/projects/nx-toolkits/dataconnect`\n"}}
[debug] [2025-01-02T17:52:13.266Z] E0102 20:52:13.266058   54818 load.go:23] Could not load config from "/Users/mainawycliffe/projects/nx-toolkits/dataconnect": could not find dataconnect.yaml in `/Users/mainawycliffe/projects/nx-toolkits/dataconnect`
E0102 20:52:13.266243   54818 watch.go:75] watchAllDir unable to walk dir `/Users/mainawycliffe/projects/nx-toolkits/dataconnect`: on path "/Users/mainawycliffe/projects/nx-toolkits/dataconnect" (DirEntry: <nil>): lstat /Users/mainawycliffe/projects/nx-toolkits/dataconnect: no such file or directory
 {"metadata":{"emulator":{"name":"dataconnect"},"message":"E0102 20:52:13.266058   54818 load.go:23] Could not load config from \"/Users/mainawycliffe/projects/nx-toolkits/dataconnect\": could not find dataconnect.yaml in `/Users/mainawycliffe/projects/nx-toolkits/dataconnect`\nE0102 20:52:13.266243   54818 watch.go:75] watchAllDir unable to walk dir `/Users/mainawycliffe/projects/nx-toolkits/dataconnect`: on path \"/Users/mainawycliffe/projects/nx-toolkits/dataconnect\" (DirEntry: <nil>): lstat /Users/mainawycliffe/projects/nx-toolkits/dataconnect: no such file or directory\n"}}
[debug] [2025-01-02T17:52:23.267Z] E0102 20:52:23.266502   54818 load.go:23] Could not load config from "/Users/mainawycliffe/projects/nx-toolkits/dataconnect": could not find dataconnect.yaml in `/Users/mainawycliffe/projects/nx-toolkits/dataconnect`
 {"metadata":{"emulator":{"name":"dataconnect"},"message":"E0102 20:52:23.266502   54818 load.go:23] Could not load config from \"/Users/mainawycliffe/projects/nx-toolkits/dataconnect\": could not find dataconnect.yaml in `/Users/mainawycliffe/projects/nx-toolkits/dataconnect`\n"}}
[debug] [2025-01-02T17:52:33.267Z] E0102 20:52:33.266896   54818 load.go:23] Could not load config from "/Users/mainawycliffe/projects/nx-toolkits/dataconnect": could not find dataconnect.yaml in `/Users/mainawycliffe/projects/nx-toolkits/dataconnect`
 {"metadata":{"emulator":{"name":"dataconnect"},"message":"E0102 20:52:33.266896   54818 load.go:23] Could not load config from \"/Users/mainawycliffe/projects/nx-toolkits/dataconnect\": could not find dataconnect.yaml in `/Users/mainawycliffe/projects/nx-toolkits/dataconnect`\n"}}
[debug] [2025-01-02T17:52:43.267Z] E0102 20:52:43.266877   54818 load.go:23] Could not load config from "/Users/mainawycliffe/projects/nx-toolkits/dataconnect": could not find dataconnect.yaml in `/Users/mainawycliffe/projects/nx-toolkits/dataconnect`
 {"metadata":{"emulator":{"name":"dataconnect"},"message":"E0102 20:52:43.266877   54818 load.go:23] Could not load config from \"/Users/mainawycliffe/projects/nx-toolkits/dataconnect\": could not find dataconnect.yaml in `/Users/mainawycliffe/projects/nx-toolkits/dataconnect`\n"}}
[debug] [2025-01-02T17:52:53.267Z] E0102 20:52:53.266614   54818 load.go:23] Could not load config from "/Users/mainawycliffe/projects/nx-toolkits/dataconnect": could not find dataconnect.yaml in `/Users/mainawycliffe/projects/nx-toolkits/dataconnect`
 {"metadata":{"emulator":{"name":"dataconnect"},"message":"E0102 20:52:53.266614   54818 load.go:23] Could not load config from \"/Users/mainawycliffe/projects/nx-toolkits/dataconnect\": could not find dataconnect.yaml in `/Users/mainawycliffe/projects/nx-toolkits/dataconnect`\n"}}
[debug] [2025-01-02T17:53:03.267Z] E0102 20:53:03.266890   54818 load.go:23] Could not load config from "/Users/mainawycliffe/projects/nx-toolkits/dataconnect": could not find dataconnect.yaml in `/Users/mainawycliffe/projects/nx-toolkits/dataconnect`
 {"metadata":{"emulator":{"name":"dataconnect"},"message":"E0102 20:53:03.266890   54818 load.go:23] Could not load config from \"/Users/mainawycliffe/projects/nx-toolkits/dataconnect\": could not find dataconnect.yaml in `/Users/mainawycliffe/projects/nx-toolkits/dataconnect`\n"}}
[debug] [2025-01-02T17:53:13.266Z] E0102 20:53:13.266626   54818 load.go:23] Could not load config from "/Users/mainawycliffe/projects/nx-toolkits/dataconnect": could not find dataconnect.yaml in `/Users/mainawycliffe/projects/nx-toolkits/dataconnect`
 {"metadata":{"emulator":{"name":"dataconnect"},"message":"E0102 20:53:13.266626   54818 load.go:23] Could not load config from \"/Users/mainawycliffe/projects/nx-toolkits/dataconnect\": could not find dataconnect.yaml in `/Users/mainawycliffe/projects/nx-toolkits/dataconnect`\n"}}
[debug] [2025-01-02T17:53:23.266Z] E0102 20:53:23.266103   54818 load.go:23] Could not load config from "/Users/mainawycliffe/projects/nx-toolkits/dataconnect": could not find dataconnect.yaml in `/Users/mainawycliffe/projects/nx-toolkits/dataconnect`
 {"metadata":{"emulator":{"name":"dataconnect"},"message":"E0102 20:53:23.266103   54818 load.go:23] Could not load config from \"/Users/mainawycliffe/projects/nx-toolkits/dataconnect\": could not find dataconnect.yaml in `/Users/mainawycliffe/projects/nx-toolkits/dataconnect`\n"}}
[debug] [2025-01-02T17:53:33.267Z] E0102 20:53:33.266980   54818 load.go:23] Could not load config from "/Users/mainawycliffe/projects/nx-toolkits/dataconnect": could not find dataconnect.yaml in `/Users/mainawycliffe/projects/nx-toolkits/dataconnect`
 {"metadata":{"emulator":{"name":"dataconnect"},"message":"E0102 20:53:33.266980   54818 load.go:23] Could not load config from \"/Users/mainawycliffe/projects/nx-toolkits/dataconnect\": could not find dataconnect.yaml in `/Users/mainawycliffe/projects/nx-toolkits/dataconnect`\n"}}
[debug] [2025-01-02T17:53:43.265Z] E0102 20:53:43.265701   54818 load.go:23] Could not load config from "/Users/mainawycliffe/projects/nx-toolkits/dataconnect": could not find dataconnect.yaml in `/Users/mainawycliffe/projects/nx-toolkits/dataconnect`
 {"metadata":{"emulator":{"name":"dataconnect"},"message":"E0102 20:53:43.265701   54818 load.go:23] Could not load config from \"/Users/mainawycliffe/projects/nx-toolkits/dataconnect\": could not find dataconnect.yaml in `/Users/mainawycliffe/projects/nx-toolkits/dataconnect`\n"}}
[debug] [2025-01-02T17:53:53.266Z] E0102 20:53:53.266308   54818 load.go:23] Could not load config from "/Users/mainawycliffe/projects/nx-toolkits/dataconnect": could not find dataconnect.yaml in `/Users/mainawycliffe/projects/nx-toolkits/dataconnect`
 {"metadata":{"emulator":{"name":"dataconnect"},"message":"E0102 20:53:53.266308   54818 load.go:23] Could not load config from \"/Users/mainawycliffe/projects/nx-toolkits/dataconnect\": could not find dataconnect.yaml in `/Users/mainawycliffe/projects/nx-toolkits/dataconnect`\n"}}
[debug] [2025-01-02T17:54:03.267Z] E0102 20:54:03.267040   54818 load.go:23] Could not load config from "/Users/mainawycliffe/projects/nx-toolkits/dataconnect": could not find dataconnect.yaml in `/Users/mainawycliffe/projects/nx-toolkits/dataconnect`
 {"metadata":{"emulator":{"name":"dataconnect"},"message":"E0102 20:54:03.267040   54818 load.go:23] Could not load config from \"/Users/mainawycliffe/projects/nx-toolkits/dataconnect\": could not find dataconnect.yaml in `/Users/mainawycliffe/projects/nx-toolkits/dataconnect`\n"}}
[debug] [2025-01-02T17:54:13.266Z] E0102 20:54:13.266759   54818 load.go:23] Could not load config from "/Users/mainawycliffe/projects/nx-toolkits/dataconnect": could not find dataconnect.yaml in `/Users/mainawycliffe/projects/nx-toolkits/dataconnect`
E0102 20:54:13.266857   54818 watch.go:75] watchAllDir unable to walk dir `/Users/mainawycliffe/projects/nx-toolkits/dataconnect`: on path "/Users/mainawycliffe/projects/nx-toolkits/dataconnect" (DirEntry: <nil>): lstat /Users/mainawycliffe/projects/nx-toolkits/dataconnect: no such file or directory
 {"metadata":{"emulator":{"name":"dataconnect"},"message":"E0102 20:54:13.266759   54818 load.go:23] Could not load config from \"/Users/mainawycliffe/projects/nx-toolkits/dataconnect\": could not find dataconnect.yaml in `/Users/mainawycliffe/projects/nx-toolkits/dataconnect`\nE0102 20:54:13.266857   54818 watch.go:75] watchAllDir unable to walk dir `/Users/mainawycliffe/projects/nx-toolkits/dataconnect`: on path \"/Users/mainawycliffe/projects/nx-toolkits/dataconnect\" (DirEntry: <nil>): lstat /Users/mainawycliffe/projects/nx-toolkits/dataconnect: no such file or directory\n"}}
[debug] [2025-01-02T17:54:23.267Z] E0102 20:54:23.266829   54818 load.go:23] Could not load config from "/Users/mainawycliffe/projects/nx-toolkits/dataconnect": could not find dataconnect.yaml in `/Users/mainawycliffe/projects/nx-toolkits/dataconnect`
 {"metadata":{"emulator":{"name":"dataconnect"},"message":"E0102 20:54:23.266829   54818 load.go:23] Could not load config from \"/Users/mainawycliffe/projects/nx-toolkits/dataconnect\": could not find dataconnect.yaml in `/Users/mainawycliffe/projects/nx-toolkits/dataconnect`\n"}}
[debug] [2025-01-02T17:54:33.266Z] E0102 20:54:33.266638   54818 load.go:23] Could not load config from "/Users/mainawycliffe/projects/nx-toolkits/dataconnect": could not find dataconnect.yaml in `/Users/mainawycliffe/projects/nx-toolkits/dataconnect`
 {"metadata":{"emulator":{"name":"dataconnect"},"message":"E0102 20:54:33.266638   54818 load.go:23] Could not load config from \"/Users/mainawycliffe/projects/nx-toolkits/dataconnect\": could not find dataconnect.yaml in `/Users/mainawycliffe/projects/nx-toolkits/dataconnect`\n"}}
[debug] [2025-01-02T17:54:43.267Z] E0102 20:54:43.267335   54818 load.go:23] Could not load config from "/Users/mainawycliffe/projects/nx-toolkits/dataconnect": could not find dataconnect.yaml in `/Users/mainawycliffe/projects/nx-toolkits/dataconnect`
 {"metadata":{"emulator":{"name":"dataconnect"},"message":"E0102 20:54:43.267335   54818 load.go:23] Could not load config from \"/Users/mainawycliffe/projects/nx-toolkits/dataconnect\": could not find dataconnect.yaml in `/Users/mainawycliffe/projects/nx-toolkits/dataconnect`\n"}}
[debug] [2025-01-02T17:54:53.267Z] E0102 20:54:53.267229   54818 load.go:23] Could not load config from "/Users/mainawycliffe/projects/nx-toolkits/dataconnect": could not find dataconnect.yaml in `/Users/mainawycliffe/projects/nx-toolkits/dataconnect`
 {"metadata":{"emulator":{"name":"dataconnect"},"message":"E0102 20:54:53.267229   54818 load.go:23] Could not load config from \"/Users/mainawycliffe/projects/nx-toolkits/dataconnect\": could not find dataconnect.yaml in `/Users/mainawycliffe/projects/nx-toolkits/dataconnect`\n"}}
[debug] [2025-01-02T17:55:03.269Z] E0102 20:55:03.268613   54818 load.go:23] Could not load config from "/Users/mainawycliffe/projects/nx-toolkits/dataconnect": could not find dataconnect.yaml in `/Users/mainawycliffe/projects/nx-toolkits/dataconnect`
 {"metadata":{"emulator":{"name":"dataconnect"},"message":"E0102 20:55:03.268613   54818 load.go:23] Could not load config from \"/Users/mainawycliffe/projects/nx-toolkits/dataconnect\": could not find dataconnect.yaml in `/Users/mainawycliffe/projects/nx-toolkits/dataconnect`\n"}}
[debug] [2025-01-02T17:55:13.267Z] E0102 20:55:13.266696   54818 load.go:23] Could not load config from "/Users/mainawycliffe/projects/nx-toolkits/dataconnect": could not find dataconnect.yaml in `/Users/mainawycliffe/projects/nx-toolkits/dataconnect`
 {"metadata":{"emulator":{"name":"dataconnect"},"message":"E0102 20:55:13.266696   54818 load.go:23] Could not load config from \"/Users/mainawycliffe/projects/nx-toolkits/dataconnect\": could not find dataconnect.yaml in `/Users/mainawycliffe/projects/nx-toolkits/dataconnect`\n"}}
[debug] [2025-01-02T17:55:23.266Z] E0102 20:55:23.266662   54818 load.go:23] Could not load config from "/Users/mainawycliffe/projects/nx-toolkits/dataconnect": could not find dataconnect.yaml in `/Users/mainawycliffe/projects/nx-toolkits/dataconnect`
 {"metadata":{"emulator":{"name":"dataconnect"},"message":"E0102 20:55:23.266662   54818 load.go:23] Could not load config from \"/Users/mainawycliffe/projects/nx-toolkits/dataconnect\": could not find dataconnect.yaml in `/Users/mainawycliffe/projects/nx-toolkits/dataconnect`\n"}}
[debug] [2025-01-02T17:55:33.267Z] E0102 20:55:33.266979   54818 load.go:23] Could not load config from "/Users/mainawycliffe/projects/nx-toolkits/dataconnect": could not find dataconnect.yaml in `/Users/mainawycliffe/projects/nx-toolkits/dataconnect`
 {"metadata":{"emulator":{"name":"dataconnect"},"message":"E0102 20:55:33.266979   54818 load.go:23] Could not load config from \"/Users/mainawycliffe/projects/nx-toolkits/dataconnect\": could not find dataconnect.yaml in `/Users/mainawycliffe/projects/nx-toolkits/dataconnect`\n"}}
[debug] [2025-01-02T17:55:43.267Z] E0102 20:55:43.267213   54818 load.go:23] Could not load config from "/Users/mainawycliffe/projects/nx-toolkits/dataconnect": could not find dataconnect.yaml in `/Users/mainawycliffe/projects/nx-toolkits/dataconnect`
 {"metadata":{"emulator":{"name":"dataconnect"},"message":"E0102 20:55:43.267213   54818 load.go:23] Could not load config from \"/Users/mainawycliffe/projects/nx-toolkits/dataconnect\": could not find dataconnect.yaml in `/Users/mainawycliffe/projects/nx-toolkits/dataconnect`\n"}}
[debug] [2025-01-02T17:55:53.267Z] E0102 20:55:53.267192   54818 load.go:23] Could not load config from "/Users/mainawycliffe/projects/nx-toolkits/dataconnect": could not find dataconnect.yaml in `/Users/mainawycliffe/projects/nx-toolkits/dataconnect`
 {"metadata":{"emulator":{"name":"dataconnect"},"message":"E0102 20:55:53.267192   54818 load.go:23] Could not load config from \"/Users/mainawycliffe/projects/nx-toolkits/dataconnect\": could not find dataconnect.yaml in `/Users/mainawycliffe/projects/nx-toolkits/dataconnect`\n"}}
[debug] [2025-01-02T17:56:03.267Z] E0102 20:56:03.267186   54818 load.go:23] Could not load config from "/Users/mainawycliffe/projects/nx-toolkits/dataconnect": could not find dataconnect.yaml in `/Users/mainawycliffe/projects/nx-toolkits/dataconnect`
 {"metadata":{"emulator":{"name":"dataconnect"},"message":"E0102 20:56:03.267186   54818 load.go:23] Could not load config from \"/Users/mainawycliffe/projects/nx-toolkits/dataconnect\": could not find dataconnect.yaml in `/Users/mainawycliffe/projects/nx-toolkits/dataconnect`\n"}}
[debug] [2025-01-02T17:56:13.266Z] E0102 20:56:13.266410   54818 load.go:23] Could not load config from "/Users/mainawycliffe/projects/nx-toolkits/dataconnect": could not find dataconnect.yaml in `/Users/mainawycliffe/projects/nx-toolkits/dataconnect`
E0102 20:56:13.266537   54818 watch.go:75] watchAllDir unable to walk dir `/Users/mainawycliffe/projects/nx-toolkits/dataconnect`: on path "/Users/mainawycliffe/projects/nx-toolkits/dataconnect" (DirEntry: <nil>): lstat /Users/mainawycliffe/projects/nx-toolkits/dataconnect: no such file or directory
 {"metadata":{"emulator":{"name":"dataconnect"},"message":"E0102 20:56:13.266410   54818 load.go:23] Could not load config from \"/Users/mainawycliffe/projects/nx-toolkits/dataconnect\": could not find dataconnect.yaml in `/Users/mainawycliffe/projects/nx-toolkits/dataconnect`\nE0102 20:56:13.266537   54818 watch.go:75] watchAllDir unable to walk dir `/Users/mainawycliffe/projects/nx-toolkits/dataconnect`: on path \"/Users/mainawycliffe/projects/nx-toolkits/dataconnect\" (DirEntry: <nil>): lstat /Users/mainawycliffe/projects/nx-toolkits/dataconnect: no such file or directory\n"}}
[debug] [2025-01-02T17:56:23.267Z] E0102 20:56:23.267257   54818 load.go:23] Could not load config from "/Users/mainawycliffe/projects/nx-toolkits/dataconnect": could not find dataconnect.yaml in `/Users/mainawycliffe/projects/nx-toolkits/dataconnect`
 {"metadata":{"emulator":{"name":"dataconnect"},"message":"E0102 20:56:23.267257   54818 load.go:23] Could not load config from \"/Users/mainawycliffe/projects/nx-toolkits/dataconnect\": could not find dataconnect.yaml in `/Users/mainawycliffe/projects/nx-toolkits/dataconnect`\n"}}
[debug] [2025-01-02T17:56:33.268Z] E0102 20:56:33.267588   54818 load.go:23] Could not load config from "/Users/mainawycliffe/projects/nx-toolkits/dataconnect": could not find dataconnect.yaml in `/Users/mainawycliffe/projects/nx-toolkits/dataconnect`
 {"metadata":{"emulator":{"name":"dataconnect"},"message":"E0102 20:56:33.267588   54818 load.go:23] Could not load config from \"/Users/mainawycliffe/projects/nx-toolkits/dataconnect\": could not find dataconnect.yaml in `/Users/mainawycliffe/projects/nx-toolkits/dataconnect`\n"}}
[debug] [2025-01-02T17:56:43.268Z] E0102 20:56:43.267766   54818 load.go:23] Could not load config from "/Users/mainawycliffe/projects/nx-toolkits/dataconnect": could not find dataconnect.yaml in `/Users/mainawycliffe/projects/nx-toolkits/dataconnect`
 {"metadata":{"emulator":{"name":"dataconnect"},"message":"E0102 20:56:43.267766   54818 load.go:23] Could not load config from \"/Users/mainawycliffe/projects/nx-toolkits/dataconnect\": could not find dataconnect.yaml in `/Users/mainawycliffe/projects/nx-toolkits/dataconnect`\n"}}
[debug] [2025-01-02T17:56:53.268Z] E0102 20:56:53.267651   54818 load.go:23] Could not load config from "/Users/mainawycliffe/projects/nx-toolkits/dataconnect": could not find dataconnect.yaml in `/Users/mainawycliffe/projects/nx-toolkits/dataconnect`
 {"metadata":{"emulator":{"name":"dataconnect"},"message":"E0102 20:56:53.267651   54818 load.go:23] Could not load config from \"/Users/mainawycliffe/projects/nx-toolkits/dataconnect\": could not find dataconnect.yaml in `/Users/mainawycliffe/projects/nx-toolkits/dataconnect`\n"}}
[debug] [2025-01-02T17:57:03.267Z] E0102 20:57:03.267205   54818 load.go:23] Could not load config from "/Users/mainawycliffe/projects/nx-toolkits/dataconnect": could not find dataconnect.yaml in `/Users/mainawycliffe/projects/nx-toolkits/dataconnect`
 {"metadata":{"emulator":{"name":"dataconnect"},"message":"E0102 20:57:03.267205   54818 load.go:23] Could not load config from \"/Users/mainawycliffe/projects/nx-toolkits/dataconnect\": could not find dataconnect.yaml in `/Users/mainawycliffe/projects/nx-toolkits/dataconnect`\n"}}
[debug] [2025-01-02T17:57:13.268Z] E0102 20:57:13.267586   54818 load.go:23] Could not load config from "/Users/mainawycliffe/projects/nx-toolkits/dataconnect": could not find dataconnect.yaml in `/Users/mainawycliffe/projects/nx-toolkits/dataconnect`
 {"metadata":{"emulator":{"name":"dataconnect"},"message":"E0102 20:57:13.267586   54818 load.go:23] Could not load config from \"/Users/mainawycliffe/projects/nx-toolkits/dataconnect\": could not find dataconnect.yaml in `/Users/mainawycliffe/projects/nx-toolkits/dataconnect`\n"}}
[debug] [2025-01-02T17:57:23.268Z] E0102 20:57:23.268261   54818 load.go:23] Could not load config from "/Users/mainawycliffe/projects/nx-toolkits/dataconnect": could not find dataconnect.yaml in `/Users/mainawycliffe/projects/nx-toolkits/dataconnect`
 {"metadata":{"emulator":{"name":"dataconnect"},"message":"E0102 20:57:23.268261   54818 load.go:23] Could not load config from \"/Users/mainawycliffe/projects/nx-toolkits/dataconnect\": could not find dataconnect.yaml in `/Users/mainawycliffe/projects/nx-toolkits/dataconnect`\n"}}
[debug] [2025-01-02T17:57:33.268Z] E0102 20:57:33.267507   54818 load.go:23] Could not load config from "/Users/mainawycliffe/projects/nx-toolkits/dataconnect": could not find dataconnect.yaml in `/Users/mainawycliffe/projects/nx-toolkits/dataconnect`
 {"metadata":{"emulator":{"name":"dataconnect"},"message":"E0102 20:57:33.267507   54818 load.go:23] Could not load config from \"/Users/mainawycliffe/projects/nx-toolkits/dataconnect\": could not find dataconnect.yaml in `/Users/mainawycliffe/projects/nx-toolkits/dataconnect`\n"}}
[debug] [2025-01-02T17:57:43.268Z] E0102 20:57:43.267507   54818 load.go:23] Could not load config from "/Users/mainawycliffe/projects/nx-toolkits/dataconnect": could not find dataconnect.yaml in `/Users/mainawycliffe/projects/nx-toolkits/dataconnect`
 {"metadata":{"emulator":{"name":"dataconnect"},"message":"E0102 20:57:43.267507   54818 load.go:23] Could not load config from \"/Users/mainawycliffe/projects/nx-toolkits/dataconnect\": could not find dataconnect.yaml in `/Users/mainawycliffe/projects/nx-toolkits/dataconnect`\n"}}
[debug] [2025-01-02T17:57:53.268Z] E0102 20:57:53.267590   54818 load.go:23] Could not load config from "/Users/mainawycliffe/projects/nx-toolkits/dataconnect": could not find dataconnect.yaml in `/Users/mainawycliffe/projects/nx-toolkits/dataconnect`
 {"metadata":{"emulator":{"name":"dataconnect"},"message":"E0102 20:57:53.267590   54818 load.go:23] Could not load config from \"/Users/mainawycliffe/projects/nx-toolkits/dataconnect\": could not find dataconnect.yaml in `/Users/mainawycliffe/projects/nx-toolkits/dataconnect`\n"}}
[debug] [2025-01-02T17:58:03.275Z] E0102 20:58:03.272200   54818 load.go:23] Could not load config from "/Users/mainawycliffe/projects/nx-toolkits/dataconnect": could not find dataconnect.yaml in `/Users/mainawycliffe/projects/nx-toolkits/dataconnect`
 {"metadata":{"emulator":{"name":"dataconnect"},"message":"E0102 20:58:03.272200   54818 load.go:23] Could not load config from \"/Users/mainawycliffe/projects/nx-toolkits/dataconnect\": could not find dataconnect.yaml in `/Users/mainawycliffe/projects/nx-toolkits/dataconnect`\n"}}
[debug] [2025-01-02T17:58:13.267Z] E0102 20:58:13.267355   54818 load.go:23] Could not load config from "/Users/mainawycliffe/projects/nx-toolkits/dataconnect": could not find dataconnect.yaml in `/Users/mainawycliffe/projects/nx-toolkits/dataconnect`
 {"metadata":{"emulator":{"name":"dataconnect"},"message":"E0102 20:58:13.267355   54818 load.go:23] Could not load config from \"/Users/mainawycliffe/projects/nx-toolkits/dataconnect\": could not find dataconnect.yaml in `/Users/mainawycliffe/projects/nx-toolkits/dataconnect`\n"}}
[debug] [2025-01-02T17:58:13.267Z] E0102 20:58:13.267423   54818 watch.go:75] watchAllDir unable to walk dir `/Users/mainawycliffe/projects/nx-toolkits/dataconnect`: on path "/Users/mainawycliffe/projects/nx-toolkits/dataconnect" (DirEntry: <nil>): lstat /Users/mainawycliffe/projects/nx-toolkits/dataconnect: no such file or directory
 {"metadata":{"emulator":{"name":"dataconnect"},"message":"E0102 20:58:13.267423   54818 watch.go:75] watchAllDir unable to walk dir `/Users/mainawycliffe/projects/nx-toolkits/dataconnect`: on path \"/Users/mainawycliffe/projects/nx-toolkits/dataconnect\" (DirEntry: <nil>): lstat /Users/mainawycliffe/projects/nx-toolkits/dataconnect: no such file or directory\n"}}
[debug] [2025-01-02T17:58:23.267Z] E0102 20:58:23.267456   54818 load.go:23] Could not load config from "/Users/mainawycliffe/projects/nx-toolkits/dataconnect": could not find dataconnect.yaml in `/Users/mainawycliffe/projects/nx-toolkits/dataconnect`
 {"metadata":{"emulator":{"name":"dataconnect"},"message":"E0102 20:58:23.267456   54818 load.go:23] Could not load config from \"/Users/mainawycliffe/projects/nx-toolkits/dataconnect\": could not find dataconnect.yaml in `/Users/mainawycliffe/projects/nx-toolkits/dataconnect`\n"}}
[debug] [2025-01-02T17:58:33.268Z] E0102 20:58:33.267977   54818 load.go:23] Could not load config from "/Users/mainawycliffe/projects/nx-toolkits/dataconnect": could not find dataconnect.yaml in `/Users/mainawycliffe/projects/nx-toolkits/dataconnect`
 {"metadata":{"emulator":{"name":"dataconnect"},"message":"E0102 20:58:33.267977   54818 load.go:23] Could not load config from \"/Users/mainawycliffe/projects/nx-toolkits/dataconnect\": could not find dataconnect.yaml in `/Users/mainawycliffe/projects/nx-toolkits/dataconnect`\n"}}
[debug] [2025-01-02T17:58:43.268Z] E0102 20:58:43.267800   54818 load.go:23] Could not load config from "/Users/mainawycliffe/projects/nx-toolkits/dataconnect": could not find dataconnect.yaml in `/Users/mainawycliffe/projects/nx-toolkits/dataconnect`
 {"metadata":{"emulator":{"name":"dataconnect"},"message":"E0102 20:58:43.267800   54818 load.go:23] Could not load config from \"/Users/mainawycliffe/projects/nx-toolkits/dataconnect\": could not find dataconnect.yaml in `/Users/mainawycliffe/projects/nx-toolkits/dataconnect`\n"}}
[debug] [2025-01-02T17:58:53.268Z] E0102 20:58:53.267696   54818 load.go:23] Could not load config from "/Users/mainawycliffe/projects/nx-toolkits/dataconnect": could not find dataconnect.yaml in `/Users/mainawycliffe/projects/nx-toolkits/dataconnect`
 {"metadata":{"emulator":{"name":"dataconnect"},"message":"E0102 20:58:53.267696   54818 load.go:23] Could not load config from \"/Users/mainawycliffe/projects/nx-toolkits/dataconnect\": could not find dataconnect.yaml in `/Users/mainawycliffe/projects/nx-toolkits/dataconnect`\n"}}
[debug] [2025-01-02T17:59:03.268Z] E0102 20:59:03.267893   54818 load.go:23] Could not load config from "/Users/mainawycliffe/projects/nx-toolkits/dataconnect": could not find dataconnect.yaml in `/Users/mainawycliffe/projects/nx-toolkits/dataconnect`
 {"metadata":{"emulator":{"name":"dataconnect"},"message":"E0102 20:59:03.267893   54818 load.go:23] Could not load config from \"/Users/mainawycliffe/projects/nx-toolkits/dataconnect\": could not find dataconnect.yaml in `/Users/mainawycliffe/projects/nx-toolkits/dataconnect`\n"}}
[debug] [2025-01-02T17:59:13.267Z] E0102 20:59:13.267661   54818 load.go:23] Could not load config from "/Users/mainawycliffe/projects/nx-toolkits/dataconnect": could not find dataconnect.yaml in `/Users/mainawycliffe/projects/nx-toolkits/dataconnect`
 {"metadata":{"emulator":{"name":"dataconnect"},"message":"E0102 20:59:13.267661   54818 load.go:23] Could not load config from \"/Users/mainawycliffe/projects/nx-toolkits/dataconnect\": could not find dataconnect.yaml in `/Users/mainawycliffe/projects/nx-toolkits/dataconnect`\n"}}
[debug] [2025-01-02T17:59:23.268Z] E0102 20:59:23.267933   54818 load.go:23] Could not load config from "/Users/mainawycliffe/projects/nx-toolkits/dataconnect": could not find dataconnect.yaml in `/Users/mainawycliffe/projects/nx-toolkits/dataconnect`
 {"metadata":{"emulator":{"name":"dataconnect"},"message":"E0102 20:59:23.267933   54818 load.go:23] Could not load config from \"/Users/mainawycliffe/projects/nx-toolkits/dataconnect\": could not find dataconnect.yaml in `/Users/mainawycliffe/projects/nx-toolkits/dataconnect`\n"}}
[debug] [2025-01-02T17:59:33.267Z] E0102 20:59:33.267300   54818 load.go:23] Could not load config from "/Users/mainawycliffe/projects/nx-toolkits/dataconnect": could not find dataconnect.yaml in `/Users/mainawycliffe/projects/nx-toolkits/dataconnect`
 {"metadata":{"emulator":{"name":"dataconnect"},"message":"E0102 20:59:33.267300   54818 load.go:23] Could not load config from \"/Users/mainawycliffe/projects/nx-toolkits/dataconnect\": could not find dataconnect.yaml in `/Users/mainawycliffe/projects/nx-toolkits/dataconnect`\n"}}
[debug] [2025-01-02T17:59:43.267Z] E0102 20:59:43.267625   54818 load.go:23] Could not load config from "/Users/mainawycliffe/projects/nx-toolkits/dataconnect": could not find dataconnect.yaml in `/Users/mainawycliffe/projects/nx-toolkits/dataconnect`
 {"metadata":{"emulator":{"name":"dataconnect"},"message":"E0102 20:59:43.267625   54818 load.go:23] Could not load config from \"/Users/mainawycliffe/projects/nx-toolkits/dataconnect\": could not find dataconnect.yaml in `/Users/mainawycliffe/projects/nx-toolkits/dataconnect`\n"}}
[debug] [2025-01-02T17:59:53.268Z] E0102 20:59:53.268086   54818 load.go:23] Could not load config from "/Users/mainawycliffe/projects/nx-toolkits/dataconnect": could not find dataconnect.yaml in `/Users/mainawycliffe/projects/nx-toolkits/dataconnect`
 {"metadata":{"emulator":{"name":"dataconnect"},"message":"E0102 20:59:53.268086   54818 load.go:23] Could not load config from \"/Users/mainawycliffe/projects/nx-toolkits/dataconnect\": could not find dataconnect.yaml in `/Users/mainawycliffe/projects/nx-toolkits/dataconnect`\n"}}
[debug] [2025-01-02T18:00:03.268Z] E0102 21:00:03.268108   54818 load.go:23] Could not load config from "/Users/mainawycliffe/projects/nx-toolkits/dataconnect": could not find dataconnect.yaml in `/Users/mainawycliffe/projects/nx-toolkits/dataconnect`
 {"metadata":{"emulator":{"name":"dataconnect"},"message":"E0102 21:00:03.268108   54818 load.go:23] Could not load config from \"/Users/mainawycliffe/projects/nx-toolkits/dataconnect\": could not find dataconnect.yaml in `/Users/mainawycliffe/projects/nx-toolkits/dataconnect`\n"}}
[debug] [2025-01-02T18:00:13.268Z] E0102 21:00:13.268127   54818 load.go:23] Could not load config from "/Users/mainawycliffe/projects/nx-toolkits/dataconnect": could not find dataconnect.yaml in `/Users/mainawycliffe/projects/nx-toolkits/dataconnect`
E0102 21:00:13.268334   54818 watch.go:75] watchAllDir unable to walk dir `/Users/mainawycliffe/projects/nx-toolkits/dataconnect`: on path "/Users/mainawycliffe/projects/nx-toolkits/dataconnect" (DirEntry: <nil>): lstat /Users/mainawycliffe/projects/nx-toolkits/dataconnect: no such file or directory
 {"metadata":{"emulator":{"name":"dataconnect"},"message":"E0102 21:00:13.268127   54818 load.go:23] Could not load config from \"/Users/mainawycliffe/projects/nx-toolkits/dataconnect\": could not find dataconnect.yaml in `/Users/mainawycliffe/projects/nx-toolkits/dataconnect`\nE0102 21:00:13.268334   54818 watch.go:75] watchAllDir unable to walk dir `/Users/mainawycliffe/projects/nx-toolkits/dataconnect`: on path \"/Users/mainawycliffe/projects/nx-toolkits/dataconnect\" (DirEntry: <nil>): lstat /Users/mainawycliffe/projects/nx-toolkits/dataconnect: no such file or directory\n"}}
[debug] [2025-01-02T18:00:23.268Z] E0102 21:00:23.268212   54818 load.go:23] Could not load config from "/Users/mainawycliffe/projects/nx-toolkits/dataconnect": could not find dataconnect.yaml in `/Users/mainawycliffe/projects/nx-toolkits/dataconnect`
 {"metadata":{"emulator":{"name":"dataconnect"},"message":"E0102 21:00:23.268212   54818 load.go:23] Could not load config from \"/Users/mainawycliffe/projects/nx-toolkits/dataconnect\": could not find dataconnect.yaml in `/Users/mainawycliffe/projects/nx-toolkits/dataconnect`\n"}}
[debug] [2025-01-02T18:00:33.268Z] E0102 21:00:33.268033   54818 load.go:23] Could not load config from "/Users/mainawycliffe/projects/nx-toolkits/dataconnect": could not find dataconnect.yaml in `/Users/mainawycliffe/projects/nx-toolkits/dataconnect`
 {"metadata":{"emulator":{"name":"dataconnect"},"message":"E0102 21:00:33.268033   54818 load.go:23] Could not load config from \"/Users/mainawycliffe/projects/nx-toolkits/dataconnect\": could not find dataconnect.yaml in `/Users/mainawycliffe/projects/nx-toolkits/dataconnect`\n"}}
[debug] [2025-01-02T18:00:43.267Z] E0102 21:00:43.267578   54818 load.go:23] Could not load config from "/Users/mainawycliffe/projects/nx-toolkits/dataconnect": could not find dataconnect.yaml in `/Users/mainawycliffe/projects/nx-toolkits/dataconnect`
 {"metadata":{"emulator":{"name":"dataconnect"},"message":"E0102 21:00:43.267578   54818 load.go:23] Could not load config from \"/Users/mainawycliffe/projects/nx-toolkits/dataconnect\": could not find dataconnect.yaml in `/Users/mainawycliffe/projects/nx-toolkits/dataconnect`\n"}}
[debug] [2025-01-02T18:00:53.268Z] E0102 21:00:53.268172   54818 load.go:23] Could not load config from "/Users/mainawycliffe/projects/nx-toolkits/dataconnect": could not find dataconnect.yaml in `/Users/mainawycliffe/projects/nx-toolkits/dataconnect`
 {"metadata":{"emulator":{"name":"dataconnect"},"message":"E0102 21:00:53.268172   54818 load.go:23] Could not load config from \"/Users/mainawycliffe/projects/nx-toolkits/dataconnect\": could not find dataconnect.yaml in `/Users/mainawycliffe/projects/nx-toolkits/dataconnect`\n"}}
[debug] [2025-01-02T18:01:03.272Z] E0102 21:01:03.271934   54818 load.go:23] Could not load config from "/Users/mainawycliffe/projects/nx-toolkits/dataconnect": could not find dataconnect.yaml in `/Users/mainawycliffe/projects/nx-toolkits/dataconnect`
 {"metadata":{"emulator":{"name":"dataconnect"},"message":"E0102 21:01:03.271934   54818 load.go:23] Could not load config from \"/Users/mainawycliffe/projects/nx-toolkits/dataconnect\": could not find dataconnect.yaml in `/Users/mainawycliffe/projects/nx-toolkits/dataconnect`\n"}}
[debug] [2025-01-02T18:01:13.267Z] E0102 21:01:13.267121   54818 load.go:23] Could not load config from "/Users/mainawycliffe/projects/nx-toolkits/dataconnect": could not find dataconnect.yaml in `/Users/mainawycliffe/projects/nx-toolkits/dataconnect`
 {"metadata":{"emulator":{"name":"dataconnect"},"message":"E0102 21:01:13.267121   54818 load.go:23] Could not load config from \"/Users/mainawycliffe/projects/nx-toolkits/dataconnect\": could not find dataconnect.yaml in `/Users/mainawycliffe/projects/nx-toolkits/dataconnect`\n"}}
[debug] [2025-01-02T18:01:23.267Z] E0102 21:01:23.267864   54818 load.go:23] Could not load config from "/Users/mainawycliffe/projects/nx-toolkits/dataconnect": could not find dataconnect.yaml in `/Users/mainawycliffe/projects/nx-toolkits/dataconnect`
 {"metadata":{"emulator":{"name":"dataconnect"},"message":"E0102 21:01:23.267864   54818 load.go:23] Could not load config from \"/Users/mainawycliffe/projects/nx-toolkits/dataconnect\": could not find dataconnect.yaml in `/Users/mainawycliffe/projects/nx-toolkits/dataconnect`\n"}}
[debug] [2025-01-02T18:01:33.268Z] E0102 21:01:33.268366   54818 load.go:23] Could not load config from "/Users/mainawycliffe/projects/nx-toolkits/dataconnect": could not find dataconnect.yaml in `/Users/mainawycliffe/projects/nx-toolkits/dataconnect`
 {"metadata":{"emulator":{"name":"dataconnect"},"message":"E0102 21:01:33.268366   54818 load.go:23] Could not load config from \"/Users/mainawycliffe/projects/nx-toolkits/dataconnect\": could not find dataconnect.yaml in `/Users/mainawycliffe/projects/nx-toolkits/dataconnect`\n"}}
[debug] [2025-01-02T18:01:43.267Z] E0102 21:01:43.267085   54818 load.go:23] Could not load config from "/Users/mainawycliffe/projects/nx-toolkits/dataconnect": could not find dataconnect.yaml in `/Users/mainawycliffe/projects/nx-toolkits/dataconnect`
 {"metadata":{"emulator":{"name":"dataconnect"},"message":"E0102 21:01:43.267085   54818 load.go:23] Could not load config from \"/Users/mainawycliffe/projects/nx-toolkits/dataconnect\": could not find dataconnect.yaml in `/Users/mainawycliffe/projects/nx-toolkits/dataconnect`\n"}}
[debug] [2025-01-02T18:01:53.268Z] E0102 21:01:53.268170   54818 load.go:23] Could not load config from "/Users/mainawycliffe/projects/nx-toolkits/dataconnect": could not find dataconnect.yaml in `/Users/mainawycliffe/projects/nx-toolkits/dataconnect`
 {"metadata":{"emulator":{"name":"dataconnect"},"message":"E0102 21:01:53.268170   54818 load.go:23] Could not load config from \"/Users/mainawycliffe/projects/nx-toolkits/dataconnect\": could not find dataconnect.yaml in `/Users/mainawycliffe/projects/nx-toolkits/dataconnect`\n"}}
[debug] [2025-01-02T18:02:03.268Z] E0102 21:02:03.268473   54818 load.go:23] Could not load config from "/Users/mainawycliffe/projects/nx-toolkits/dataconnect": could not find dataconnect.yaml in `/Users/mainawycliffe/projects/nx-toolkits/dataconnect`
 {"metadata":{"emulator":{"name":"dataconnect"},"message":"E0102 21:02:03.268473   54818 load.go:23] Could not load config from \"/Users/mainawycliffe/projects/nx-toolkits/dataconnect\": could not find dataconnect.yaml in `/Users/mainawycliffe/projects/nx-toolkits/dataconnect`\n"}}
[debug] [2025-01-02T18:02:13.268Z] E0102 21:02:13.267688   54818 load.go:23] Could not load config from "/Users/mainawycliffe/projects/nx-toolkits/dataconnect": could not find dataconnect.yaml in `/Users/mainawycliffe/projects/nx-toolkits/dataconnect`
E0102 21:02:13.267922   54818 watch.go:75] watchAllDir unable to walk dir `/Users/mainawycliffe/projects/nx-toolkits/dataconnect`: on path "/Users/mainawycliffe/projects/nx-toolkits/dataconnect" (DirEntry: <nil>): lstat /Users/mainawycliffe/projects/nx-toolkits/dataconnect: no such file or directory
 {"metadata":{"emulator":{"name":"dataconnect"},"message":"E0102 21:02:13.267688   54818 load.go:23] Could not load config from \"/Users/mainawycliffe/projects/nx-toolkits/dataconnect\": could not find dataconnect.yaml in `/Users/mainawycliffe/projects/nx-toolkits/dataconnect`\nE0102 21:02:13.267922   54818 watch.go:75] watchAllDir unable to walk dir `/Users/mainawycliffe/projects/nx-toolkits/dataconnect`: on path \"/Users/mainawycliffe/projects/nx-toolkits/dataconnect\" (DirEntry: <nil>): lstat /Users/mainawycliffe/projects/nx-toolkits/dataconnect: no such file or directory\n"}}
[debug] [2025-01-02T18:02:23.269Z] E0102 21:02:23.268621   54818 load.go:23] Could not load config from "/Users/mainawycliffe/projects/nx-toolkits/dataconnect": could not find dataconnect.yaml in `/Users/mainawycliffe/projects/nx-toolkits/dataconnect`
 {"metadata":{"emulator":{"name":"dataconnect"},"message":"E0102 21:02:23.268621   54818 load.go:23] Could not load config from \"/Users/mainawycliffe/projects/nx-toolkits/dataconnect\": could not find dataconnect.yaml in `/Users/mainawycliffe/projects/nx-toolkits/dataconnect`\n"}}
[debug] [2025-01-02T18:02:33.268Z] E0102 21:02:33.268283   54818 load.go:23] Could not load config from "/Users/mainawycliffe/projects/nx-toolkits/dataconnect": could not find dataconnect.yaml in `/Users/mainawycliffe/projects/nx-toolkits/dataconnect`
 {"metadata":{"emulator":{"name":"dataconnect"},"message":"E0102 21:02:33.268283   54818 load.go:23] Could not load config from \"/Users/mainawycliffe/projects/nx-toolkits/dataconnect\": could not find dataconnect.yaml in `/Users/mainawycliffe/projects/nx-toolkits/dataconnect`\n"}}
[debug] [2025-01-02T18:02:43.268Z] E0102 21:02:43.268459   54818 load.go:23] Could not load config from "/Users/mainawycliffe/projects/nx-toolkits/dataconnect": could not find dataconnect.yaml in `/Users/mainawycliffe/projects/nx-toolkits/dataconnect`
 {"metadata":{"emulator":{"name":"dataconnect"},"message":"E0102 21:02:43.268459   54818 load.go:23] Could not load config from \"/Users/mainawycliffe/projects/nx-toolkits/dataconnect\": could not find dataconnect.yaml in `/Users/mainawycliffe/projects/nx-toolkits/dataconnect`\n"}}
[debug] [2025-01-02T18:02:53.268Z] E0102 21:02:53.268495   54818 load.go:23] Could not load config from "/Users/mainawycliffe/projects/nx-toolkits/dataconnect": could not find dataconnect.yaml in `/Users/mainawycliffe/projects/nx-toolkits/dataconnect`
 {"metadata":{"emulator":{"name":"dataconnect"},"message":"E0102 21:02:53.268495   54818 load.go:23] Could not load config from \"/Users/mainawycliffe/projects/nx-toolkits/dataconnect\": could not find dataconnect.yaml in `/Users/mainawycliffe/projects/nx-toolkits/dataconnect`\n"}}
[debug] [2025-01-02T18:03:03.268Z] E0102 21:03:03.268515   54818 load.go:23] Could not load config from "/Users/mainawycliffe/projects/nx-toolkits/dataconnect": could not find dataconnect.yaml in `/Users/mainawycliffe/projects/nx-toolkits/dataconnect`
 {"metadata":{"emulator":{"name":"dataconnect"},"message":"E0102 21:03:03.268515   54818 load.go:23] Could not load config from \"/Users/mainawycliffe/projects/nx-toolkits/dataconnect\": could not find dataconnect.yaml in `/Users/mainawycliffe/projects/nx-toolkits/dataconnect`\n"}}
